<?xml version="1.0" encoding="UTF-8"?>
<!-- Generated by org.testng.reporters.JUnitReportReporter -->
<testsuite hostname="DESKTOP-VDDHET5" failures="0" tests="1" name="testCases.TC001_AccountRegistrationTest" time="3.653" errors="0" timestamp="2025-07-26T18:25:11 IST" skipped="0">
  <testcase classname="testCases.TC001_AccountRegistrationTest" name="verifyAccountRegistration" time="3.653"/>
</testsuite> <!-- testCases.TC001_AccountRegistrationTest -->
