<?xml version="1.0" encoding="UTF-8"?>
<!-- Generated by org.testng.reporters.JUnitReportReporter -->
<testsuite hostname="DESKTOP-VDDHET5" failures="0" tests="1" name="testrunners.TestRunner" time="6.548" errors="0" timestamp="2025-07-26T18:33:18 IST" skipped="0">
  <testcase classname="testrunners.TestRunner" name="runScenario" time="6.548"/>
</testsuite> <!-- testrunners.TestRunner -->
