<?xml version="1.0" encoding="UTF-8"?>
<!-- Generated by org.testng.reporters.JUnitReportReporter -->
<testsuite hostname="DESKTOP-VDDHET5" failures="0" tests="2" name="testCases.TC001_AccountRegistrationTest" time="12.174" errors="0" timestamp="2025-07-06T10:34:44 IST" skipped="0">
  <testcase classname="testCases.TC001_AccountRegistrationTest" name="verifyAccountRegistration" time="5.888"/>
  <testcase classname="testCases.TC001_AccountRegistrationTest" name="verifyAccountRegistration" time="6.286"/>
</testsuite> <!-- testCases.TC001_AccountRegistrationTest -->
