<?xml version="1.0" encoding="UTF-8"?>
<!-- Generated by org.testng.reporters.JUnitReportReporter -->
<testsuite hostname="DESKTOP-VDDHET5" failures="0" tests="1" name="testCases.TC002_LoginTest" time="1.664" errors="0" timestamp="2025-07-08T14:38:41 IST" skipped="0">
  <testcase classname="testCases.TC002_LoginTest" name="loginTest" time="1.664"/>
</testsuite> <!-- testCases.TC002_LoginTest -->
