<?xml version="1.0" encoding="UTF-8"?>
<!-- Generated by org.testng.reporters.JUnitReportReporter -->
<testsuite hostname="DESKTOP-VDDHET5" failures="0" tests="1" name="testCases.TC001_AccountRegistrationTest" time="8.073" errors="0" timestamp="2025-07-13T10:56:14 IST" skipped="0">
  <testcase classname="testCases.TC001_AccountRegistrationTest" name="verifyAccountRegistration" time="8.073"/>
</testsuite> <!-- testCases.TC001_AccountRegistrationTest -->
