<?xml version="1.0" encoding="UTF-8"?>
<!-- Generated by org.testng.reporters.JUnitReportReporter -->
<testsuite hostname="DESKTOP-VDDHET5" failures="0" tests="1" name="testCases.TC002_LoginTest" time="5.070" errors="0" timestamp="2025-07-13T10:56:14 IST" skipped="0">
  <testcase classname="testCases.TC002_LoginTest" name="loginTest" time="5.070"/>
</testsuite> <!-- testCases.TC002_LoginTest -->
