<?xml version="1.0" encoding="UTF-8"?>
<!-- Generated by org.testng.reporters.JUnitReportReporter -->
<testsuite hostname="DESKTOP-VDDHET5" failures="0" tests="1" name="testCases.TC002_LoginTest" time="2.471" errors="0" timestamp="2025-07-07T09:55:13 IST" skipped="0">
  <testcase classname="testCases.TC002_LoginTest" name="loginTest" time="2.471"/>
</testsuite> <!-- testCases.TC002_LoginTest -->
